2023-03-04T17:12:48.984 WARN (pid:3125) - Could not find lombok.jar path.
2023-03-04T17:12:49.000 INFO (pid:3125) - Starting Java server with: /usr/lib/jvm/java-19-openjdk/bin/java --add-modules=ALL-SYSTEM --add-opens java.base/java.util=ALL-UNNAMED --add-opens java.base/java.lang=ALL-UNNAMED --add-opens java.base/sun.nio.fs=ALL-UNNAMED -Declipse.application=org.eclipse.jdt.ls.core.id1 -Dosgi.bundles.defaultStartLevel=4 -Declipse.product=org.eclipse.jdt.ls.core.product -Djava.import.generatesMetadataFilesAtProjectRoot=false -Dfile.encoding=UTF-8 -XX:+UseParallelGC -XX:GCTimeRatio=4 -XX:AdaptiveSizePolicyWeight=90 -Dsun.zip.disableMemoryMapping=true -Xmx1G -Xms100m -Xlog:disable -XX:+HeapDumpOnOutOfMemoryError -XX:HeapDumpPath=/home/zyz/.config/coc/extensions/coc-java-data -jar /home/zyz/.config/coc/extensions/node_modules/coc-java/server/plugins/org.eclipse.equinox.launcher_1.6.400.v20210924-0641.jar -configuration /home/zyz/.config/coc/extensions/coc-java-data/1.14.1/config_linux -data /home/zyz/.config/coc/extensions/coc-java-data/jdt_ws
2023-03-04T17:12:49.070 INFO (pid:3125) - WARNING: Using incubator modules: jdk.incubator.vector, jdk.incubator.concurrent

2023-03-04T17:12:51.378 INFO (pid:3125) - [Error - 17:12:51.378] Mar 4, 2023, 5:12:51 PM Failed to read package name from file:/home/zyz/AcWing/code/HelloWorld.java
/home/zyz/AcWing/code/HelloWorld.java (No such file or directory)
java.io.FileNotFoundException: /home/zyz/AcWing/code/HelloWorld.java (No such file or directory)
	at java.base/java.io.FileInputStream.open0(Native Method)
	at java.base/java.io.FileInputStream.open(FileInputStream.java:219)
	at java.base/java.io.FileInputStream.<init>(FileInputStream.java:158)
	at com.google.common.io.Files$FileByteSource.openStream(Files.java:130)
	at com.google.common.io.Files$FileByteSource.read(Files.java:154)
	at com.google.common.io.ByteSource$AsCharSource.read(ByteSource.java:472)
	at com.google.common.io.Files.toString(Files.java:254)
	at org.eclipse.jdt.ls.core.internal.JDTUtils.getPackageName(JDTUtils.java:301)
	at org.eclipse.jdt.ls.core.internal.managers.InvisibleProjectImporter.getPackageName(InvisibleProjectImporter.java:563)
	at org.eclipse.jdt.ls.core.internal.managers.InvisibleProjectImporter.getPackageName(InvisibleProjectImporter.java:541)
	at org.eclipse.jdt.ls.core.internal.managers.InvisibleProjectImporter.getPackageName(InvisibleProjectImporter.java:531)
	at org.eclipse.jdt.ls.core.internal.managers.InvisibleProjectImporter.loadInvisibleProject(InvisibleProjectImporter.java:129)
	at org.eclipse.jdt.ls.core.internal.managers.InvisibleProjectImporter.importToWorkspace(InvisibleProjectImporter.java:110)
	at org.eclipse.jdt.ls.core.internal.managers.ProjectsManager.importProjects(ProjectsManager.java:148)
	at org.eclipse.jdt.ls.core.internal.managers.ProjectsManager.initializeProjects(ProjectsManager.java:111)
	at org.eclipse.jdt.ls.core.internal.handlers.InitHandler$1.runInWorkspace(InitHandler.java:242)
	at org.eclipse.core.internal.resources.InternalWorkspaceJob.run(InternalWorkspaceJob.java:43)
	at org.eclipse.core.internal.jobs.Worker.run(Worker.java:63)

2023-03-04T17:13:01.112 INFO (pid:3125) - [Error - 17:13:01.112] Mar 4, 2023, 5:13:01 PM Problem with codeComplete for file:///home/zyz/AcWing/code/HelloWorld.java
HelloWorld.java [in <default> [in _/code [in AcWing_f2660602]]] does not exist
Java Model Exception: Error in Java Model (code 969): HelloWorld.java [in <default> [in _/code [in AcWing_f2660602]]] does not exist
	at org.eclipse.jdt.internal.core.JavaElement.newJavaModelException(JavaElement.java:584)
	at org.eclipse.jdt.internal.core.Openable.generateInfos(Openable.java:254)
	at org.eclipse.jdt.internal.core.JavaElement.openWhenClosed(JavaElement.java:597)
	at org.eclipse.jdt.internal.core.JavaElement.getElementInfo(JavaElement.java:328)
	at org.eclipse.jdt.internal.core.JavaElement.getElementInfo(JavaElement.java:314)
	at org.eclipse.jdt.internal.core.Openable.getBuffer(Openable.java:296)
	at org.eclipse.jdt.ls.core.internal.handlers.CompletionHandler.computeContentAssist(CompletionHandler.java:179)
	at org.eclipse.jdt.ls.core.internal.handlers.CompletionHandler.completion(CompletionHandler.java:93)
	at org.eclipse.jdt.ls.core.internal.handlers.JDTLanguageServer.lambda$5(JDTLanguageServer.java:580)
	at org.eclipse.jdt.ls.core.internal.BaseJDTLanguageServer.lambda$0(BaseJDTLanguageServer.java:79)
	at java.base/java.util.concurrent.CompletableFuture$UniApply.tryFire(CompletableFuture.java:646)
	at java.base/java.util.concurrent.CompletableFuture$Completion.exec(CompletableFuture.java:483)
	at java.base/java.util.concurrent.ForkJoinTask.doExec(ForkJoinTask.java:387)
	at java.base/java.util.concurrent.ForkJoinPool$WorkQueue.topLevelExec(ForkJoinPool.java:1311)
	at java.base/java.util.concurrent.ForkJoinPool.scan(ForkJoinPool.java:1841)
	at java.base/java.util.concurrent.ForkJoinPool.runWorker(ForkJoinPool.java:1806)
	at java.base/java.util.concurrent.ForkJoinWorkerThread.run(ForkJoinWorkerThread.java:177)

2023-03-04T17:13:01.926 INFO (pid:3125) - [Error - 17:13:01.926] Mar 4, 2023, 5:13:01 PM Problem with codeComplete for file:///home/zyz/AcWing/code/HelloWorld.java
HelloWorld.java [in <default> [in _/code [in AcWing_f2660602]]] does not exist
Java Model Exception: Error in Java Model (code 969): HelloWorld.java [in <default> [in _/code [in AcWing_f2660602]]] does not exist
	at org.eclipse.jdt.internal.core.JavaElement.newJavaModelException(JavaElement.java:584)
	at org.eclipse.jdt.internal.core.Openable.generateInfos(Openable.java:254)
	at org.eclipse.jdt.internal.core.JavaElement.openWhenClosed(JavaElement.java:597)
	at org.eclipse.jdt.internal.core.JavaElement.getElementInfo(JavaElement.java:328)
	at org.eclipse.jdt.internal.core.JavaElement.getElementInfo(JavaElement.java:314)
	at org.eclipse.jdt.internal.core.Openable.getBuffer(Openable.java:296)
	at org.eclipse.jdt.ls.core.internal.handlers.CompletionHandler.computeContentAssist(CompletionHandler.java:179)
	at org.eclipse.jdt.ls.core.internal.handlers.CompletionHandler.completion(CompletionHandler.java:93)
	at org.eclipse.jdt.ls.core.internal.handlers.JDTLanguageServer.lambda$5(JDTLanguageServer.java:580)
	at org.eclipse.jdt.ls.core.internal.BaseJDTLanguageServer.lambda$0(BaseJDTLanguageServer.java:79)
	at java.base/java.util.concurrent.CompletableFuture$UniApply.tryFire(CompletableFuture.java:646)
	at java.base/java.util.concurrent.CompletableFuture$Completion.exec(CompletableFuture.java:483)
	at java.base/java.util.concurrent.ForkJoinTask.doExec(ForkJoinTask.java:387)
	at java.base/java.util.concurrent.ForkJoinPool$WorkQueue.topLevelExec(ForkJoinPool.java:1311)
	at java.base/java.util.concurrent.ForkJoinPool.scan(ForkJoinPool.java:1841)
	at java.base/java.util.concurrent.ForkJoinPool.runWorker(ForkJoinPool.java:1806)
	at java.base/java.util.concurrent.ForkJoinWorkerThread.run(ForkJoinWorkerThread.java:177)

2023-03-04T17:13:02.002 INFO (pid:3125) - [Error - 17:13:02.002] Mar 4, 2023, 5:13:02 PM Problem with codeComplete for file:///home/zyz/AcWing/code/HelloWorld.java
HelloWorld.java [in <default> [in _/code [in AcWing_f2660602]]] does not exist
Java Model Exception: Error in Java Model (code 969): HelloWorld.java [in <default> [in _/code [in AcWing_f2660602]]] does not exist
	at org.eclipse.jdt.internal.core.JavaElement.newJavaModelException(JavaElement.java:584)
	at org.eclipse.jdt.internal.core.Openable.generateInfos(Openable.java:254)
	at org.eclipse.jdt.internal.core.JavaElement.openWhenClosed(JavaElement.java:597)
	at org.eclipse.jdt.internal.core.JavaElement.getElementInfo(JavaElement.java:328)
	at org.eclipse.jdt.internal.core.JavaElement.getElementInfo(JavaElement.java:314)
	at org.eclipse.jdt.internal.core.Openable.getBuffer(Openable.java:296)
	at org.eclipse.jdt.ls.core.internal.handlers.CompletionHandler.computeContentAssist(CompletionHandler.java:179)
	at org.eclipse.jdt.ls.core.internal.handlers.CompletionHandler.completion(CompletionHandler.java:93)
	at org.eclipse.jdt.ls.core.internal.handlers.JDTLanguageServer.lambda$5(JDTLanguageServer.java:580)
	at org.eclipse.jdt.ls.core.internal.BaseJDTLanguageServer.lambda$0(BaseJDTLanguageServer.java:79)
	at java.base/java.util.concurrent.CompletableFuture$UniApply.tryFire(CompletableFuture.java:646)
	at java.base/java.util.concurrent.CompletableFuture$Completion.exec(CompletableFuture.java:483)
	at java.base/java.util.concurrent.ForkJoinTask.doExec(ForkJoinTask.java:387)
	at java.base/java.util.concurrent.ForkJoinPool$WorkQueue.topLevelExec(ForkJoinPool.java:1311)
	at java.base/java.util.concurrent.ForkJoinPool.scan(ForkJoinPool.java:1841)
	at java.base/java.util.concurrent.ForkJoinPool.runWorker(ForkJoinPool.java:1806)
	at java.base/java.util.concurrent.ForkJoinWorkerThread.run(ForkJoinWorkerThread.java:177)

2023-03-04T17:13:02.316 INFO (pid:3125) - [Error - 17:13:02.316] Mar 4, 2023, 5:13:02 PM Problem with codeComplete for file:///home/zyz/AcWing/code/HelloWorld.java
HelloWorld.java [in <default> [in _/code [in AcWing_f2660602]]] does not exist
Java Model Exception: Error in Java Model (code 969): HelloWorld.java [in <default> [in _/code [in AcWing_f2660602]]] does not exist
	at org.eclipse.jdt.internal.core.JavaElement.newJavaModelException(JavaElement.java:584)
	at org.eclipse.jdt.internal.core.Openable.generateInfos(Openable.java:254)
	at org.eclipse.jdt.internal.core.JavaElement.openWhenClosed(JavaElement.java:597)
	at org.eclipse.jdt.internal.core.JavaElement.getElementInfo(JavaElement.java:328)
	at org.eclipse.jdt.internal.core.JavaElement.getElementInfo(JavaElement.java:314)
	at org.eclipse.jdt.internal.core.Openable.getBuffer(Openable.java:296)
	at org.eclipse.jdt.ls.core.internal.handlers.CompletionHandler.computeContentAssist(CompletionHandler.java:179)
	at org.eclipse.jdt.ls.core.internal.handlers.CompletionHandler.completion(CompletionHandler.java:93)
	at org.eclipse.jdt.ls.core.internal.handlers.JDTLanguageServer.lambda$5(JDTLanguageServer.java:580)
	at org.eclipse.jdt.ls.core.internal.BaseJDTLanguageServer.lambda$0(BaseJDTLanguageServer.java:79)
	at java.base/java.util.concurrent.CompletableFuture$UniApply.tryFire(CompletableFuture.java:646)
	at java.base/java.util.concurrent.CompletableFuture$Completion.exec(CompletableFuture.java:483)
	at java.base/java.util.concurrent.ForkJoinTask.doExec(ForkJoinTask.java:387)
	at java.base/java.util.concurrent.ForkJoinPool$WorkQueue.topLevelExec(ForkJoinPool.java:1311)
	at java.base/java.util.concurrent.ForkJoinPool.scan(ForkJoinPool.java:1841)
	at java.base/java.util.concurrent.ForkJoinPool.runWorker(ForkJoinPool.java:1806)
	at java.base/java.util.concurrent.ForkJoinWorkerThread.run(ForkJoinWorkerThread.java:177)

2023-03-04T17:13:02.476 INFO (pid:3125) - [Error - 17:13:02.476] Mar 4, 2023, 5:13:02 PM Problem with codeComplete for file:///home/zyz/AcWing/code/HelloWorld.java
HelloWorld.java [in <default> [in _/code [in AcWing_f2660602]]] does not exist
Java Model Exception: Error in Java Model (code 969): HelloWorld.java [in <default> [in _/code [in AcWing_f2660602]]] does not exist
	at org.eclipse.jdt.internal.core.JavaElement.newJavaModelException(JavaElement.java:584)
	at org.eclipse.jdt.internal.core.Openable.generateInfos(Openable.java:254)
	at org.eclipse.jdt.internal.core.JavaElement.openWhenClosed(JavaElement.java:597)
	at org.eclipse.jdt.internal.core.JavaElement.getElementInfo(JavaElement.java:328)
	at org.eclipse.jdt.internal.core.JavaElement.getElementInfo(JavaElement.java:314)
	at org.eclipse.jdt.internal.core.Openable.getBuffer(Openable.java:296)
	at org.eclipse.jdt.ls.core.internal.handlers.CompletionHandler.computeContentAssist(CompletionHandler.java:179)
	at org.eclipse.jdt.ls.core.internal.handlers.CompletionHandler.completion(CompletionHandler.java:93)
	at org.eclipse.jdt.ls.core.internal.handlers.JDTLanguageServer.lambda$5(JDTLanguageServer.java:580)
	at org.eclipse.jdt.ls.core.internal.BaseJDTLanguageServer.lambda$0(BaseJDTLanguageServer.java:79)
	at java.base/java.util.concurrent.CompletableFuture$UniApply.tryFire(CompletableFuture.java:646)
	at java.base/java.util.concurrent.CompletableFuture$Completion.exec(CompletableFuture.java:483)
	at java.base/java.util.concurrent.ForkJoinTask.doExec(ForkJoinTask.java:387)
	at java.base/java.util.concurrent.ForkJoinPool$WorkQueue.topLevelExec(ForkJoinPool.java:1311)
	at java.base/java.util.concurrent.ForkJoinPool.scan(ForkJoinPool.java:1841)
	at java.base/java.util.concurrent.ForkJoinPool.runWorker(ForkJoinPool.java:1806)
	at java.base/java.util.concurrent.ForkJoinWorkerThread.run(ForkJoinWorkerThread.java:177)

2023-03-04T17:13:03.652 INFO (pid:3125) - [Error - 17:13:03.652] Mar 4, 2023, 5:13:03 PM Problem with codeComplete for file:///home/zyz/AcWing/code/HelloWorld.java
HelloWorld.java [in <default> [in _/code [in AcWing_f2660602]]] does not exist
Java Model Exception: Error in Java Model (code 969): HelloWorld.java [in <default> [in _/code [in AcWing_f2660602]]] does not exist
	at org.eclipse.jdt.internal.core.JavaElement.newJavaModelException(JavaElement.java:584)
	at org.eclipse.jdt.internal.core.Openable.generateInfos(Openable.java:254)
	at org.eclipse.jdt.internal.core.JavaElement.openWhenClosed(JavaElement.java:597)
	at org.eclipse.jdt.internal.core.JavaElement.getElementInfo(JavaElement.java:328)
	at org.eclipse.jdt.internal.core.JavaElement.getElementInfo(JavaElement.java:314)
	at org.eclipse.jdt.internal.core.Openable.getBuffer(Openable.java:296)
	at org.eclipse.jdt.ls.core.internal.handlers.CompletionHandler.computeContentAssist(CompletionHandler.java:179)
	at org.eclipse.jdt.ls.core.internal.handlers.CompletionHandler.completion(CompletionHandler.java:93)
	at org.eclipse.jdt.ls.core.internal.handlers.JDTLanguageServer.lambda$5(JDTLanguageServer.java:580)
	at org.eclipse.jdt.ls.core.internal.BaseJDTLanguageServer.lambda$0(BaseJDTLanguageServer.java:79)
	at java.base/java.util.concurrent.CompletableFuture$UniApply.tryFire(CompletableFuture.java:646)
	at java.base/java.util.concurrent.CompletableFuture$Completion.exec(CompletableFuture.java:483)
	at java.base/java.util.concurrent.ForkJoinTask.doExec(ForkJoinTask.java:387)
	at java.base/java.util.concurrent.ForkJoinPool$WorkQueue.topLevelExec(ForkJoinPool.java:1311)
	at java.base/java.util.concurrent.ForkJoinPool.scan(ForkJoinPool.java:1841)
	at java.base/java.util.concurrent.ForkJoinPool.runWorker(ForkJoinPool.java:1806)
	at java.base/java.util.concurrent.ForkJoinWorkerThread.run(ForkJoinWorkerThread.java:177)

2023-03-04T17:13:04.814 INFO (pid:3125) - [Error - 17:13:04.814] Mar 4, 2023, 5:13:04 PM Problem with codeComplete for file:///home/zyz/AcWing/code/HelloWorld.java
HelloWorld.java [in <default> [in _/code [in AcWing_f2660602]]] does not exist
Java Model Exception: Error in Java Model (code 969): HelloWorld.java [in <default> [in _/code [in AcWing_f2660602]]] does not exist
	at org.eclipse.jdt.internal.core.JavaElement.newJavaModelException(JavaElement.java:584)
	at org.eclipse.jdt.internal.core.Openable.generateInfos(Openable.java:254)
	at org.eclipse.jdt.internal.core.JavaElement.openWhenClosed(JavaElement.java:597)
	at org.eclipse.jdt.internal.core.JavaElement.getElementInfo(JavaElement.java:328)
	at org.eclipse.jdt.internal.core.JavaElement.getElementInfo(JavaElement.java:314)
	at org.eclipse.jdt.internal.core.Openable.getBuffer(Openable.java:296)
	at org.eclipse.jdt.ls.core.internal.handlers.CompletionHandler.computeContentAssist(CompletionHandler.java:179)
	at org.eclipse.jdt.ls.core.internal.handlers.CompletionHandler.completion(CompletionHandler.java:93)
	at org.eclipse.jdt.ls.core.internal.handlers.JDTLanguageServer.lambda$5(JDTLanguageServer.java:580)
	at org.eclipse.jdt.ls.core.internal.BaseJDTLanguageServer.lambda$0(BaseJDTLanguageServer.java:79)
	at java.base/java.util.concurrent.CompletableFuture$UniApply.tryFire(CompletableFuture.java:646)
	at java.base/java.util.concurrent.CompletableFuture$Completion.exec(CompletableFuture.java:483)
	at java.base/java.util.concurrent.ForkJoinTask.doExec(ForkJoinTask.java:387)
	at java.base/java.util.concurrent.ForkJoinPool$WorkQueue.topLevelExec(ForkJoinPool.java:1311)
	at java.base/java.util.concurrent.ForkJoinPool.scan(ForkJoinPool.java:1841)
	at java.base/java.util.concurrent.ForkJoinPool.runWorker(ForkJoinPool.java:1806)
	at java.base/java.util.concurrent.ForkJoinWorkerThread.run(ForkJoinWorkerThread.java:177)

2023-03-04T17:13:05.182 INFO (pid:3125) - [Error - 17:13:05.182] Mar 4, 2023, 5:13:05 PM Problem with codeComplete for file:///home/zyz/AcWing/code/HelloWorld.java
HelloWorld.java [in <default> [in _/code [in AcWing_f2660602]]] does not exist
Java Model Exception: Error in Java Model (code 969): HelloWorld.java [in <default> [in _/code [in AcWing_f2660602]]] does not exist
	at org.eclipse.jdt.internal.core.JavaElement.newJavaModelException(JavaElement.java:584)
	at org.eclipse.jdt.internal.core.Openable.generateInfos(Openable.java:254)
	at org.eclipse.jdt.internal.core.JavaElement.openWhenClosed(JavaElement.java:597)
	at org.eclipse.jdt.internal.core.JavaElement.getElementInfo(JavaElement.java:328)
	at org.eclipse.jdt.internal.core.JavaElement.getElementInfo(JavaElement.java:314)
	at org.eclipse.jdt.internal.core.Openable.getBuffer(Openable.java:296)
	at org.eclipse.jdt.ls.core.internal.handlers.CompletionHandler.computeContentAssist(CompletionHandler.java:179)
	at org.eclipse.jdt.ls.core.internal.handlers.CompletionHandler.completion(CompletionHandler.java:93)
	at org.eclipse.jdt.ls.core.internal.handlers.JDTLanguageServer.lambda$5(JDTLanguageServer.java:580)
	at org.eclipse.jdt.ls.core.internal.BaseJDTLanguageServer.lambda$0(BaseJDTLanguageServer.java:79)
	at java.base/java.util.concurrent.CompletableFuture$UniApply.tryFire(CompletableFuture.java:646)
	at java.base/java.util.concurrent.CompletableFuture$Completion.exec(CompletableFuture.java:483)
	at java.base/java.util.concurrent.ForkJoinTask.doExec(ForkJoinTask.java:387)
	at java.base/java.util.concurrent.ForkJoinPool$WorkQueue.topLevelExec(ForkJoinPool.java:1311)
	at java.base/java.util.concurrent.ForkJoinPool.scan(ForkJoinPool.java:1841)
	at java.base/java.util.concurrent.ForkJoinPool.runWorker(ForkJoinPool.java:1806)
	at java.base/java.util.concurrent.ForkJoinWorkerThread.run(ForkJoinWorkerThread.java:177)

2023-03-04T17:13:05.344 INFO (pid:3125) - [Error - 17:13:05.344] Mar 4, 2023, 5:13:05 PM Problem with codeComplete for file:///home/zyz/AcWing/code/HelloWorld.java
HelloWorld.java [in <default> [in _/code [in AcWing_f2660602]]] does not exist
Java Model Exception: Error in Java Model (code 969): HelloWorld.java [in <default> [in _/code [in AcWing_f2660602]]] does not exist
	at org.eclipse.jdt.internal.core.JavaElement.newJavaModelException(JavaElement.java:584)
	at org.eclipse.jdt.internal.core.Openable.generateInfos(Openable.java:254)
	at org.eclipse.jdt.internal.core.JavaElement.openWhenClosed(JavaElement.java:597)
	at org.eclipse.jdt.internal.core.JavaElement.getElementInfo(JavaElement.java:328)
	at org.eclipse.jdt.internal.core.JavaElement.getElementInfo(JavaElement.java:314)
	at org.eclipse.jdt.internal.core.Openable.getBuffer(Openable.java:296)
	at org.eclipse.jdt.ls.core.internal.handlers.CompletionHandler.computeContentAssist(CompletionHandler.java:179)
	at org.eclipse.jdt.ls.core.internal.handlers.CompletionHandler.completion(CompletionHandler.java:93)
	at org.eclipse.jdt.ls.core.internal.handlers.JDTLanguageServer.lambda$5(JDTLanguageServer.java:580)
	at org.eclipse.jdt.ls.core.internal.BaseJDTLanguageServer.lambda$0(BaseJDTLanguageServer.java:79)
	at java.base/java.util.concurrent.CompletableFuture$UniApply.tryFire(CompletableFuture.java:646)
	at java.base/java.util.concurrent.CompletableFuture$Completion.exec(CompletableFuture.java:483)
	at java.base/java.util.concurrent.ForkJoinTask.doExec(ForkJoinTask.java:387)
	at java.base/java.util.concurrent.ForkJoinPool$WorkQueue.topLevelExec(ForkJoinPool.java:1311)
	at java.base/java.util.concurrent.ForkJoinPool.scan(ForkJoinPool.java:1841)
	at java.base/java.util.concurrent.ForkJoinPool.runWorker(ForkJoinPool.java:1806)
	at java.base/java.util.concurrent.ForkJoinWorkerThread.run(ForkJoinWorkerThread.java:177)

2023-03-04T17:13:07.358 INFO (pid:3125) - [Error - 17:13:07.358] Mar 4, 2023, 5:13:07 PM Problem with codeComplete for file:///home/zyz/AcWing/code/HelloWorld.java
HelloWorld.java [in <default> [in _/code [in AcWing_f2660602]]] does not exist
Java Model Exception: Error in Java Model (code 969): HelloWorld.java [in <default> [in _/code [in AcWing_f2660602]]] does not exist
	at org.eclipse.jdt.internal.core.JavaElement.newJavaModelException(JavaElement.java:584)
	at org.eclipse.jdt.internal.core.Openable.generateInfos(Openable.java:254)
	at org.eclipse.jdt.internal.core.JavaElement.openWhenClosed(JavaElement.java:597)
	at org.eclipse.jdt.internal.core.JavaElement.getElementInfo(JavaElement.java:328)
	at org.eclipse.jdt.internal.core.JavaElement.getElementInfo(JavaElement.java:314)
	at org.eclipse.jdt.internal.core.Openable.getBuffer(Openable.java:296)
	at org.eclipse.jdt.ls.core.internal.handlers.CompletionHandler.computeContentAssist(CompletionHandler.java:179)
	at org.eclipse.jdt.ls.core.internal.handlers.CompletionHandler.completion(CompletionHandler.java:93)
	at org.eclipse.jdt.ls.core.internal.handlers.JDTLanguageServer.lambda$5(JDTLanguageServer.java:580)
	at org.eclipse.jdt.ls.core.internal.BaseJDTLanguageServer.lambda$0(BaseJDTLanguageServer.java:79)
	at java.base/java.util.concurrent.CompletableFuture$UniApply.tryFire(CompletableFuture.java:646)
	at java.base/java.util.concurrent.CompletableFuture$Completion.exec(CompletableFuture.java:483)
	at java.base/java.util.concurrent.ForkJoinTask.doExec(ForkJoinTask.java:387)
	at java.base/java.util.concurrent.ForkJoinPool$WorkQueue.topLevelExec(ForkJoinPool.java:1311)
	at java.base/java.util.concurrent.ForkJoinPool.scan(ForkJoinPool.java:1841)
	at java.base/java.util.concurrent.ForkJoinPool.runWorker(ForkJoinPool.java:1806)
	at java.base/java.util.concurrent.ForkJoinWorkerThread.run(ForkJoinWorkerThread.java:177)

2023-03-04T17:13:07.660 INFO (pid:3125) - [Error - 17:13:07.660] Mar 4, 2023, 5:13:07 PM Problem with codeComplete for file:///home/zyz/AcWing/code/HelloWorld.java
HelloWorld.java [in <default> [in _/code [in AcWing_f2660602]]] does not exist
Java Model Exception: Error in Java Model (code 969): HelloWorld.java [in <default> [in _/code [in AcWing_f2660602]]] does not exist
	at org.eclipse.jdt.internal.core.JavaElement.newJavaModelException(JavaElement.java:584)
	at org.eclipse.jdt.internal.core.Openable.generateInfos(Openable.java:254)
	at org.eclipse.jdt.internal.core.JavaElement.openWhenClosed(JavaElement.java:597)
	at org.eclipse.jdt.internal.core.JavaElement.getElementInfo(JavaElement.java:328)
	at org.eclipse.jdt.internal.core.JavaElement.getElementInfo(JavaElement.java:314)
	at org.eclipse.jdt.internal.core.Openable.getBuffer(Openable.java:296)
	at org.eclipse.jdt.ls.core.internal.handlers.CompletionHandler.computeContentAssist(CompletionHandler.java:179)
	at org.eclipse.jdt.ls.core.internal.handlers.CompletionHandler.completion(CompletionHandler.java:93)
	at org.eclipse.jdt.ls.core.internal.handlers.JDTLanguageServer.lambda$5(JDTLanguageServer.java:580)
	at org.eclipse.jdt.ls.core.internal.BaseJDTLanguageServer.lambda$0(BaseJDTLanguageServer.java:79)
	at java.base/java.util.concurrent.CompletableFuture$UniApply.tryFire(CompletableFuture.java:646)
	at java.base/java.util.concurrent.CompletableFuture$Completion.exec(CompletableFuture.java:483)
	at java.base/java.util.concurrent.ForkJoinTask.doExec(ForkJoinTask.java:387)
	at java.base/java.util.concurrent.ForkJoinPool$WorkQueue.topLevelExec(ForkJoinPool.java:1311)
	at java.base/java.util.concurrent.ForkJoinPool.scan(ForkJoinPool.java:1841)
	at java.base/java.util.concurrent.ForkJoinPool.runWorker(ForkJoinPool.java:1806)
	at java.base/java.util.concurrent.ForkJoinWorkerThread.run(ForkJoinWorkerThread.java:177)

2023-03-04T17:13:08.102 INFO (pid:3125) - [Error - 17:13:08.102] Mar 4, 2023, 5:13:08 PM Problem with codeComplete for file:///home/zyz/AcWing/code/HelloWorld.java
HelloWorld.java [in <default> [in _/code [in AcWing_f2660602]]] does not exist
Java Model Exception: Error in Java Model (code 969): HelloWorld.java [in <default> [in _/code [in AcWing_f2660602]]] does not exist
	at org.eclipse.jdt.internal.core.JavaElement.newJavaModelException(JavaElement.java:584)
	at org.eclipse.jdt.internal.core.Openable.generateInfos(Openable.java:254)
	at org.eclipse.jdt.internal.core.JavaElement.openWhenClosed(JavaElement.java:597)
	at org.eclipse.jdt.internal.core.JavaElement.getElementInfo(JavaElement.java:328)
	at org.eclipse.jdt.internal.core.JavaElement.getElementInfo(JavaElement.java:314)
	at org.eclipse.jdt.internal.core.Openable.getBuffer(Openable.java:296)
	at org.eclipse.jdt.ls.core.internal.handlers.CompletionHandler.computeContentAssist(CompletionHandler.java:179)
	at org.eclipse.jdt.ls.core.internal.handlers.CompletionHandler.completion(CompletionHandler.java:93)
	at org.eclipse.jdt.ls.core.internal.handlers.JDTLanguageServer.lambda$5(JDTLanguageServer.java:580)
	at org.eclipse.jdt.ls.core.internal.BaseJDTLanguageServer.lambda$0(BaseJDTLanguageServer.java:79)
	at java.base/java.util.concurrent.CompletableFuture$UniApply.tryFire(CompletableFuture.java:646)
	at java.base/java.util.concurrent.CompletableFuture$Completion.exec(CompletableFuture.java:483)
	at java.base/java.util.concurrent.ForkJoinTask.doExec(ForkJoinTask.java:387)
	at java.base/java.util.concurrent.ForkJoinPool$WorkQueue.topLevelExec(ForkJoinPool.java:1311)
	at java.base/java.util.concurrent.ForkJoinPool.scan(ForkJoinPool.java:1841)
	at java.base/java.util.concurrent.ForkJoinPool.runWorker(ForkJoinPool.java:1806)
	at java.base/java.util.concurrent.ForkJoinWorkerThread.run(ForkJoinWorkerThread.java:177)

2023-03-04T17:13:08.298 INFO (pid:3125) - [Error - 17:13:08.298] Mar 4, 2023, 5:13:08 PM Problem with codeComplete for file:///home/zyz/AcWing/code/HelloWorld.java
HelloWorld.java [in <default> [in _/code [in AcWing_f2660602]]] does not exist
Java Model Exception: Error in Java Model (code 969): HelloWorld.java [in <default> [in _/code [in AcWing_f2660602]]] does not exist
	at org.eclipse.jdt.internal.core.JavaElement.newJavaModelException(JavaElement.java:584)
	at org.eclipse.jdt.internal.core.Openable.generateInfos(Openable.java:254)
	at org.eclipse.jdt.internal.core.JavaElement.openWhenClosed(JavaElement.java:597)
	at org.eclipse.jdt.internal.core.JavaElement.getElementInfo(JavaElement.java:328)
	at org.eclipse.jdt.internal.core.JavaElement.getElementInfo(JavaElement.java:314)
	at org.eclipse.jdt.internal.core.Openable.getBuffer(Openable.java:296)
	at org.eclipse.jdt.ls.core.internal.handlers.CompletionHandler.computeContentAssist(CompletionHandler.java:179)
	at org.eclipse.jdt.ls.core.internal.handlers.CompletionHandler.completion(CompletionHandler.java:93)
	at org.eclipse.jdt.ls.core.internal.handlers.JDTLanguageServer.lambda$5(JDTLanguageServer.java:580)
	at org.eclipse.jdt.ls.core.internal.BaseJDTLanguageServer.lambda$0(BaseJDTLanguageServer.java:79)
	at java.base/java.util.concurrent.CompletableFuture$UniApply.tryFire(CompletableFuture.java:646)
	at java.base/java.util.concurrent.CompletableFuture$Completion.exec(CompletableFuture.java:483)
	at java.base/java.util.concurrent.ForkJoinTask.doExec(ForkJoinTask.java:387)
	at java.base/java.util.concurrent.ForkJoinPool$WorkQueue.topLevelExec(ForkJoinPool.java:1311)
	at java.base/java.util.concurrent.ForkJoinPool.scan(ForkJoinPool.java:1841)
	at java.base/java.util.concurrent.ForkJoinPool.runWorker(ForkJoinPool.java:1806)
	at java.base/java.util.concurrent.ForkJoinWorkerThread.run(ForkJoinWorkerThread.java:177)

2023-03-04T17:13:08.510 INFO (pid:3125) - [Error - 17:13:08.510] Mar 4, 2023, 5:13:08 PM Problem with codeComplete for file:///home/zyz/AcWing/code/HelloWorld.java
HelloWorld.java [in <default> [in _/code [in AcWing_f2660602]]] does not exist
Java Model Exception: Error in Java Model (code 969): HelloWorld.java [in <default> [in _/code [in AcWing_f2660602]]] does not exist
	at org.eclipse.jdt.internal.core.JavaElement.newJavaModelException(JavaElement.java:584)
	at org.eclipse.jdt.internal.core.Openable.generateInfos(Openable.java:254)
	at org.eclipse.jdt.internal.core.JavaElement.openWhenClosed(JavaElement.java:597)
	at org.eclipse.jdt.internal.core.JavaElement.getElementInfo(JavaElement.java:328)
	at org.eclipse.jdt.internal.core.JavaElement.getElementInfo(JavaElement.java:314)
	at org.eclipse.jdt.internal.core.Openable.getBuffer(Openable.java:296)
	at org.eclipse.jdt.ls.core.internal.handlers.CompletionHandler.computeContentAssist(CompletionHandler.java:179)
	at org.eclipse.jdt.ls.core.internal.handlers.CompletionHandler.completion(CompletionHandler.java:93)
	at org.eclipse.jdt.ls.core.internal.handlers.JDTLanguageServer.lambda$5(JDTLanguageServer.java:580)
	at org.eclipse.jdt.ls.core.internal.BaseJDTLanguageServer.lambda$0(BaseJDTLanguageServer.java:79)
	at java.base/java.util.concurrent.CompletableFuture$UniApply.tryFire(CompletableFuture.java:646)
	at java.base/java.util.concurrent.CompletableFuture$Completion.exec(CompletableFuture.java:483)
	at java.base/java.util.concurrent.ForkJoinTask.doExec(ForkJoinTask.java:387)
	at java.base/java.util.concurrent.ForkJoinPool$WorkQueue.topLevelExec(ForkJoinPool.java:1311)
	at java.base/java.util.concurrent.ForkJoinPool.scan(ForkJoinPool.java:1841)
	at java.base/java.util.concurrent.ForkJoinPool.runWorker(ForkJoinPool.java:1806)
	at java.base/java.util.concurrent.ForkJoinWorkerThread.run(ForkJoinWorkerThread.java:177)

2023-03-04T17:13:08.663 INFO (pid:3125) - [Error - 17:13:08.662] Mar 4, 2023, 5:13:08 PM Problem with codeComplete for file:///home/zyz/AcWing/code/HelloWorld.java
HelloWorld.java [in <default> [in _/code [in AcWing_f2660602]]] does not exist
Java Model Exception: Error in Java Model (code 969): HelloWorld.java [in <default> [in _/code [in AcWing_f2660602]]] does not exist
	at org.eclipse.jdt.internal.core.JavaElement.newJavaModelException(JavaElement.java:584)
	at org.eclipse.jdt.internal.core.Openable.generateInfos(Openable.java:254)
	at org.eclipse.jdt.internal.core.JavaElement.openWhenClosed(JavaElement.java:597)
	at org.eclipse.jdt.internal.core.JavaElement.getElementInfo(JavaElement.java:328)
	at org.eclipse.jdt.internal.core.JavaElement.getElementInfo(JavaElement.java:314)
	at org.eclipse.jdt.internal.core.Openable.getBuffer(Openable.java:296)
	at org.eclipse.jdt.ls.core.internal.handlers.CompletionHandler.computeContentAssist(CompletionHandler.java:179)
	at org.eclipse.jdt.ls.core.internal.handlers.CompletionHandler.completion(CompletionHandler.java:93)
	at org.eclipse.jdt.ls.core.internal.handlers.JDTLanguageServer.lambda$5(JDTLanguageServer.java:580)
	at org.eclipse.jdt.ls.core.internal.BaseJDTLanguageServer.lambda$0(BaseJDTLanguageServer.java:79)
	at java.base/java.util.concurrent.CompletableFuture$UniApply.tryFire(CompletableFuture.java:646)
	at java.base/java.util.concurrent.CompletableFuture$Completion.exec(CompletableFuture.java:483)
	at java.base/java.util.concurrent.ForkJoinTask.doExec(ForkJoinTask.java:387)
	at java.base/java.util.concurrent.ForkJoinPool$WorkQueue.topLevelExec(ForkJoinPool.java:1311)
	at java.base/java.util.concurrent.ForkJoinPool.scan(ForkJoinPool.java:1841)
	at java.base/java.util.concurrent.ForkJoinPool.runWorker(ForkJoinPool.java:1806)
	at java.base/java.util.concurrent.ForkJoinWorkerThread.run(ForkJoinWorkerThread.java:177)

2023-03-04T17:13:09.438 INFO (pid:3125) - [Error - 17:13:09.438] Mar 4, 2023, 5:13:09 PM Problem with codeComplete for file:///home/zyz/AcWing/code/HelloWorld.java
HelloWorld.java [in <default> [in _/code [in AcWing_f2660602]]] does not exist
Java Model Exception: Error in Java Model (code 969): HelloWorld.java [in <default> [in _/code [in AcWing_f2660602]]] does not exist
	at org.eclipse.jdt.internal.core.JavaElement.newJavaModelException(JavaElement.java:584)
	at org.eclipse.jdt.internal.core.Openable.generateInfos(Openable.java:254)
	at org.eclipse.jdt.internal.core.JavaElement.openWhenClosed(JavaElement.java:597)
	at org.eclipse.jdt.internal.core.JavaElement.getElementInfo(JavaElement.java:328)
	at org.eclipse.jdt.internal.core.JavaElement.getElementInfo(JavaElement.java:314)
	at org.eclipse.jdt.internal.core.Openable.getBuffer(Openable.java:296)
	at org.eclipse.jdt.ls.core.internal.handlers.CompletionHandler.isCompletionForConstructor(CompletionHandler.java:260)
	at org.eclipse.jdt.ls.core.internal.handlers.CompletionHandler.computeContentAssist(CompletionHandler.java:171)
	at org.eclipse.jdt.ls.core.internal.handlers.CompletionHandler.completion(CompletionHandler.java:93)
	at org.eclipse.jdt.ls.core.internal.handlers.JDTLanguageServer.lambda$5(JDTLanguageServer.java:580)
	at org.eclipse.jdt.ls.core.internal.BaseJDTLanguageServer.lambda$0(BaseJDTLanguageServer.java:79)
	at java.base/java.util.concurrent.CompletableFuture$UniApply.tryFire(CompletableFuture.java:646)
	at java.base/java.util.concurrent.CompletableFuture$Completion.exec(CompletableFuture.java:483)
	at java.base/java.util.concurrent.ForkJoinTask.doExec(ForkJoinTask.java:387)
	at java.base/java.util.concurrent.ForkJoinPool$WorkQueue.topLevelExec(ForkJoinPool.java:1311)
	at java.base/java.util.concurrent.ForkJoinPool.scan(ForkJoinPool.java:1841)
	at java.base/java.util.concurrent.ForkJoinPool.runWorker(ForkJoinPool.java:1806)
	at java.base/java.util.concurrent.ForkJoinWorkerThread.run(ForkJoinWorkerThread.java:177)

2023-03-04T17:13:11.006 INFO (pid:3125) - [Error - 17:13:11.006] Mar 4, 2023, 5:13:11 PM Problem with codeComplete for file:///home/zyz/AcWing/code/HelloWorld.java
HelloWorld.java [in <default> [in _/code [in AcWing_f2660602]]] does not exist
Java Model Exception: Error in Java Model (code 969): HelloWorld.java [in <default> [in _/code [in AcWing_f2660602]]] does not exist
	at org.eclipse.jdt.internal.core.JavaElement.newJavaModelException(JavaElement.java:584)
	at org.eclipse.jdt.internal.core.Openable.generateInfos(Openable.java:254)
	at org.eclipse.jdt.internal.core.JavaElement.openWhenClosed(JavaElement.java:597)
	at org.eclipse.jdt.internal.core.JavaElement.getElementInfo(JavaElement.java:328)
	at org.eclipse.jdt.internal.core.JavaElement.getElementInfo(JavaElement.java:314)
	at org.eclipse.jdt.internal.core.Openable.getBuffer(Openable.java:296)
	at org.eclipse.jdt.ls.core.internal.handlers.CompletionHandler.computeContentAssist(CompletionHandler.java:179)
	at org.eclipse.jdt.ls.core.internal.handlers.CompletionHandler.completion(CompletionHandler.java:93)
	at org.eclipse.jdt.ls.core.internal.handlers.JDTLanguageServer.lambda$5(JDTLanguageServer.java:580)
	at org.eclipse.jdt.ls.core.internal.BaseJDTLanguageServer.lambda$0(BaseJDTLanguageServer.java:79)
	at java.base/java.util.concurrent.CompletableFuture$UniApply.tryFire(CompletableFuture.java:646)
	at java.base/java.util.concurrent.CompletableFuture$Completion.exec(CompletableFuture.java:483)
	at java.base/java.util.concurrent.ForkJoinTask.doExec(ForkJoinTask.java:387)
	at java.base/java.util.concurrent.ForkJoinPool$WorkQueue.topLevelExec(ForkJoinPool.java:1311)
	at java.base/java.util.concurrent.ForkJoinPool.scan(ForkJoinPool.java:1841)
	at java.base/java.util.concurrent.ForkJoinPool.runWorker(ForkJoinPool.java:1806)
	at java.base/java.util.concurrent.ForkJoinWorkerThread.run(ForkJoinWorkerThread.java:177)

2023-03-04T17:13:11.122 INFO (pid:3125) - [Error - 17:13:11.122] Mar 4, 2023, 5:13:11 PM Problem with codeComplete for file:///home/zyz/AcWing/code/HelloWorld.java
HelloWorld.java [in <default> [in _/code [in AcWing_f2660602]]] does not exist
Java Model Exception: Error in Java Model (code 969): HelloWorld.java [in <default> [in _/code [in AcWing_f2660602]]] does not exist
	at org.eclipse.jdt.internal.core.JavaElement.newJavaModelException(JavaElement.java:584)
	at org.eclipse.jdt.internal.core.Openable.generateInfos(Openable.java:254)
	at org.eclipse.jdt.internal.core.JavaElement.openWhenClosed(JavaElement.java:597)
	at org.eclipse.jdt.internal.core.JavaElement.getElementInfo(JavaElement.java:328)
	at org.eclipse.jdt.internal.core.JavaElement.getElementInfo(JavaElement.java:314)
	at org.eclipse.jdt.internal.core.Openable.getBuffer(Openable.java:296)
	at org.eclipse.jdt.ls.core.internal.handlers.CompletionHandler.computeContentAssist(CompletionHandler.java:179)
	at org.eclipse.jdt.ls.core.internal.handlers.CompletionHandler.completion(CompletionHandler.java:93)
	at org.eclipse.jdt.ls.core.internal.handlers.JDTLanguageServer.lambda$5(JDTLanguageServer.java:580)
	at org.eclipse.jdt.ls.core.internal.BaseJDTLanguageServer.lambda$0(BaseJDTLanguageServer.java:79)
	at java.base/java.util.concurrent.CompletableFuture$UniApply.tryFire(CompletableFuture.java:646)
	at java.base/java.util.concurrent.CompletableFuture$Completion.exec(CompletableFuture.java:483)
	at java.base/java.util.concurrent.ForkJoinTask.doExec(ForkJoinTask.java:387)
	at java.base/java.util.concurrent.ForkJoinPool$WorkQueue.topLevelExec(ForkJoinPool.java:1311)
	at java.base/java.util.concurrent.ForkJoinPool.scan(ForkJoinPool.java:1841)
	at java.base/java.util.concurrent.ForkJoinPool.runWorker(ForkJoinPool.java:1806)
	at java.base/java.util.concurrent.ForkJoinWorkerThread.run(ForkJoinWorkerThread.java:177)

2023-03-04T17:13:11.213 INFO (pid:3125) - [Error - 17:13:11.213] Mar 4, 2023, 5:13:11 PM Problem with codeComplete for file:///home/zyz/AcWing/code/HelloWorld.java
HelloWorld.java [in <default> [in _/code [in AcWing_f2660602]]] does not exist
Java Model Exception: Error in Java Model (code 969): HelloWorld.java [in <default> [in _/code [in AcWing_f2660602]]] does not exist
	at org.eclipse.jdt.internal.core.JavaElement.newJavaModelException(JavaElement.java:584)
	at org.eclipse.jdt.internal.core.Openable.generateInfos(Openable.java:254)
	at org.eclipse.jdt.internal.core.JavaElement.openWhenClosed(JavaElement.java:597)
	at org.eclipse.jdt.internal.core.JavaElement.getElementInfo(JavaElement.java:328)
	at org.eclipse.jdt.internal.core.JavaElement.getElementInfo(JavaElement.java:314)
	at org.eclipse.jdt.internal.core.Openable.getBuffer(Openable.java:296)
	at org.eclipse.jdt.ls.core.internal.handlers.CompletionHandler.computeContentAssist(CompletionHandler.java:179)
	at org.eclipse.jdt.ls.core.internal.handlers.CompletionHandler.completion(CompletionHandler.java:93)
	at org.eclipse.jdt.ls.core.internal.handlers.JDTLanguageServer.lambda$5(JDTLanguageServer.java:580)
	at org.eclipse.jdt.ls.core.internal.BaseJDTLanguageServer.lambda$0(BaseJDTLanguageServer.java:79)
	at java.base/java.util.concurrent.CompletableFuture$UniApply.tryFire(CompletableFuture.java:646)
	at java.base/java.util.concurrent.CompletableFuture$Completion.exec(CompletableFuture.java:483)
	at java.base/java.util.concurrent.ForkJoinTask.doExec(ForkJoinTask.java:387)
	at java.base/java.util.concurrent.ForkJoinPool$WorkQueue.topLevelExec(ForkJoinPool.java:1311)
	at java.base/java.util.concurrent.ForkJoinPool.scan(ForkJoinPool.java:1841)
	at java.base/java.util.concurrent.ForkJoinPool.runWorker(ForkJoinPool.java:1806)
	at java.base/java.util.concurrent.ForkJoinWorkerThread.run(ForkJoinWorkerThread.java:177)

2023-03-04T17:13:11.276 INFO (pid:3125) - [Error - 17:13:11.276] Mar 4, 2023, 5:13:11 PM Problem with codeComplete for file:///home/zyz/AcWing/code/HelloWorld.java
HelloWorld.java [in <default> [in _/code [in AcWing_f2660602]]] does not exist
Java Model Exception: Error in Java Model (code 969): HelloWorld.java [in <default> [in _/code [in AcWing_f2660602]]] does not exist
	at org.eclipse.jdt.internal.core.JavaElement.newJavaModelException(JavaElement.java:584)
	at org.eclipse.jdt.internal.core.Openable.generateInfos(Openable.java:254)
	at org.eclipse.jdt.internal.core.JavaElement.openWhenClosed(JavaElement.java:597)
	at org.eclipse.jdt.internal.core.JavaElement.getElementInfo(JavaElement.java:328)
	at org.eclipse.jdt.internal.core.JavaElement.getElementInfo(JavaElement.java:314)
	at org.eclipse.jdt.internal.core.Openable.getBuffer(Openable.java:296)
	at org.eclipse.jdt.ls.core.internal.handlers.CompletionHandler.computeContentAssist(CompletionHandler.java:179)
	at org.eclipse.jdt.ls.core.internal.handlers.CompletionHandler.completion(CompletionHandler.java:93)
	at org.eclipse.jdt.ls.core.internal.handlers.JDTLanguageServer.lambda$5(JDTLanguageServer.java:580)
	at org.eclipse.jdt.ls.core.internal.BaseJDTLanguageServer.lambda$0(BaseJDTLanguageServer.java:79)
	at java.base/java.util.concurrent.CompletableFuture$UniApply.tryFire(CompletableFuture.java:646)
	at java.base/java.util.concurrent.CompletableFuture$Completion.exec(CompletableFuture.java:483)
	at java.base/java.util.concurrent.ForkJoinTask.doExec(ForkJoinTask.java:387)
	at java.base/java.util.concurrent.ForkJoinPool$WorkQueue.topLevelExec(ForkJoinPool.java:1311)
	at java.base/java.util.concurrent.ForkJoinPool.scan(ForkJoinPool.java:1841)
	at java.base/java.util.concurrent.ForkJoinPool.runWorker(ForkJoinPool.java:1806)
	at java.base/java.util.concurrent.ForkJoinWorkerThread.run(ForkJoinWorkerThread.java:177)

